Watching for file changes with StatReloader
Fetching products...
Products fetched successfully.
Model or dataset not in cache. Preparing data...
Fetched 14 interactions.
Interaction matrix prepared successfully.
Initializing LightFM model...
Model initialized successfully.
Fitting model...
Watching for file changes with StatReloader
Fetching products...
Products fetched successfully.
Model or dataset not in cache. Preparing data...
Fetched 14 interactions.
Interaction matrix prepared successfully.
Initializing LightFM model...
Model initialized successfully.
Fitting model...
Watching for file changes with StatReloader
Fetching products...
Products fetched successfully.
Recorded click interaction for user 4 with product 1
Fetching products...
Products fetched successfully.
Recorded click interaction for user 4 with product 8
Fetching products...
Products fetched successfully.
Recorded click interaction for user 4 with product 2
Fetching products...
Products fetched successfully.
Recorded click interaction for user 4 with product 3
Fetching products...
Products fetched successfully.
Recorded click interaction for user 4 with product 9
Fetching products...
Products fetched successfully.
Fetching products...
Products fetched successfully.
Recorded click interaction for user 4 with product 7
Fetching products...
Products fetched successfully.
Recorded click interaction for user 4 with product 6
Fetching products...
Products fetched successfully.
Recorded click interaction for user 4 with product 5
Fetching products...
Products fetched successfully.
Recorded favorite interaction for user 4 with product 4
Fetching products...
Products fetched successfully.
Recorded favorite interaction for user 4 with product 10
Fetching products...
Products fetched successfully.
Recorded click interaction for user 4 with product 10
Fetching products...
Products fetched successfully.
Recorded click interaction for user 4 with product 10
Fetching products...
Products fetched successfully.
Recorded click interaction for user 4 with product 10
Fetching products...
Products fetched successfully.
Recorded click interaction for user 4 with product 10
Fetching products...
Products fetched successfully.
Recorded click interaction for user 4 with product 10
Fetching products...
Products fetched successfully.
